2025-09-07 17:28:16,557 [Worker-5: Loading available Gradle versions] INFO  o.e.b.c.i.u.g.PublishedGradleVersions - Gradle version information cache is not available. Remote download required.
2025-09-07 17:37:16,865 [Worker-5: Importing Maven projects] INFO  o.e.m.c.i.l.LifecycleMappingFactory - Using org.eclipse.m2e.jdt.JarLifecycleMapping lifecycle mapping for MavenProject: com.example:hello-spring-boot:0.0.1-SNAPSHOT @ D:\Spring Boot\Spring Boot Mastery\hello-spring-boot\pom.xml.
2025-09-07 17:37:18,543 [Worker-5: Importing Maven projects] INFO  o.e.m.j.i.AbstractJavaProjectConfigurator - Adding source folder /hello-spring-boot/src/main/java
2025-09-07 17:37:18,545 [Worker-5: Importing Maven projects] INFO  o.e.m.j.i.AbstractJavaProjectConfigurator - Adding resource folder /hello-spring-boot/src/main/resources
2025-09-07 17:37:18,550 [Worker-5: Importing Maven projects] INFO  o.e.m.j.i.AbstractJavaProjectConfigurator - Adding resource folder /hello-spring-boot/src/main/resources
2025-09-07 17:37:18,554 [Worker-5: Importing Maven projects] INFO  o.e.m.j.i.AbstractJavaProjectConfigurator - Adding source folder /hello-spring-boot/src/test/java
2025-09-07 17:37:18,555 [Worker-5: Importing Maven projects] INFO  o.e.m.j.i.AbstractJavaProjectConfigurator - Adding resource folder /hello-spring-boot/src/test/resources
2025-09-07 17:37:19,384 [Worker-5: Importing Maven projects] INFO  o.e.m.c.i.p.ProjectConfigurationManager - Imported and configured 1 project(s) in 4 sec
2025-09-07 17:37:21,172 [Worker-15: Building] INFO  o.a.m.s.f.DefaultMavenResourcesFiltering - Copying 1 resource from src\main\resources to target\classes
2025-09-07 17:37:21,206 [Worker-15: Building] INFO  o.a.m.s.f.DefaultMavenResourcesFiltering - Copying 0 resource from src\main\resources to target\classes
2025-09-07 17:37:21,212 [Worker-15: Building] INFO  o.a.m.s.f.DefaultMavenResourcesFiltering - skip non existing resourceDirectory D:\Spring Boot\Spring Boot Mastery\hello-spring-boot\src\test\resources
2025-09-07 17:41:16,399 [Worker-5: Building] INFO  o.a.m.s.f.DefaultMavenResourcesFiltering - Copying 1 resource from src\main\resources to target\classes
2025-09-07 17:41:16,404 [Worker-5: Building] INFO  o.a.m.s.f.DefaultMavenResourcesFiltering - Copying 0 resource from src\main\resources to target\classes
2025-09-07 17:41:16,412 [Worker-5: Building] INFO  o.a.m.s.f.DefaultMavenResourcesFiltering - skip non existing resourceDirectory D:\Spring Boot\Spring Boot Mastery\hello-spring-boot\src\test\resources
2025-09-07 17:41:34,761 [Worker-13: Building] INFO  o.a.m.s.f.DefaultMavenResourcesFiltering - Copying 1 resource from src\main\resources to target\classes
2025-09-07 17:41:34,808 [Worker-13: Building] INFO  o.a.m.s.f.DefaultMavenResourcesFiltering - Copying 0 resource from src\main\resources to target\classes
2025-09-07 17:41:34,823 [Worker-13: Building] INFO  o.a.m.s.f.DefaultMavenResourcesFiltering - skip non existing resourceDirectory D:\Spring Boot\Spring Boot Mastery\hello-spring-boot\src\test\resources
2025-09-07 18:12:43,626 [Worker-15: Building] INFO  o.a.m.s.f.DefaultMavenResourcesFiltering - Copying 1 resource from src\main\resources to target\classes
2025-09-07 18:12:43,679 [Worker-15: Building] INFO  o.a.m.s.f.DefaultMavenResourcesFiltering - Copying 0 resource from src\main\resources to target\classes
2025-09-07 18:12:43,684 [Worker-15: Building] INFO  o.a.m.s.f.DefaultMavenResourcesFiltering - skip non existing resourceDirectory D:\Spring Boot\Spring Boot Mastery\hello-spring-boot\src\test\resources
2025-09-09 00:15:00,730 [Worker-6: Loading available Gradle versions] INFO  o.e.b.c.i.u.g.PublishedGradleVersions - Gradle version information cache is out-of-date. Trying to update.
2025-09-09 00:25:18,278 [Worker-19: Importing Maven projects] INFO  o.e.m.c.i.l.LifecycleMappingFactory - Using org.eclipse.m2e.jdt.JarLifecycleMapping lifecycle mapping for MavenProject: com.example:hello-spring-boot:0.0.1-SNAPSHOT @ D:\Spring Boot\Spring Boot Mastery\hello-spring-boot2\pom.xml.
2025-09-09 00:25:19,786 [Worker-19: Importing Maven projects] INFO  o.e.m.j.i.AbstractJavaProjectConfigurator - Adding source folder /hello-spring-boot2/src/main/java
2025-09-09 00:25:19,787 [Worker-19: Importing Maven projects] INFO  o.e.m.j.i.AbstractJavaProjectConfigurator - Adding resource folder /hello-spring-boot2/src/main/resources
2025-09-09 00:25:19,798 [Worker-19: Importing Maven projects] INFO  o.e.m.j.i.AbstractJavaProjectConfigurator - Adding resource folder /hello-spring-boot2/src/main/resources
2025-09-09 00:25:19,798 [Worker-19: Importing Maven projects] INFO  o.e.m.j.i.AbstractJavaProjectConfigurator - Adding source folder /hello-spring-boot2/src/test/java
2025-09-09 00:25:19,800 [Worker-19: Importing Maven projects] INFO  o.e.m.j.i.AbstractJavaProjectConfigurator - Adding resource folder /hello-spring-boot2/src/test/resources
2025-09-09 00:25:20,011 [Worker-19: Importing Maven projects] INFO  o.e.m.c.i.p.ProjectConfigurationManager - Imported and configured 1 project(s) in 2 sec
2025-09-09 00:25:20,691 [Worker-22: Building] INFO  o.a.m.s.f.DefaultMavenResourcesFiltering - Copying 1 resource from src\main\resources to target\classes
2025-09-09 00:25:20,720 [Worker-22: Building] INFO  o.a.m.s.f.DefaultMavenResourcesFiltering - Copying 0 resource from src\main\resources to target\classes
2025-09-09 00:25:20,726 [Worker-22: Building] INFO  o.a.m.s.f.DefaultMavenResourcesFiltering - skip non existing resourceDirectory D:\Spring Boot\Spring Boot Mastery\hello-spring-boot2\src\test\resources
2025-09-09 00:28:49,703 [Worker-7: Loading available Gradle versions] INFO  o.e.b.c.i.u.g.PublishedGradleVersions - Gradle version information cache is up-to-date. Trying to read.
2025-09-09 00:29:21,029 [Worker-18: Importing Maven projects] INFO  o.e.m.c.i.l.LifecycleMappingFactory - Using org.eclipse.m2e.jdt.JarLifecycleMapping lifecycle mapping for MavenProject: com.example:hello-spring-boot2:0.0.1-SNAPSHOT @ D:\Spring Boot\Spring Boot Mastery\hello-spring-boot2\pom.xml.
2025-09-09 00:29:22,399 [Worker-18: Importing Maven projects] INFO  o.e.m.j.i.AbstractJavaProjectConfigurator - Adding source folder /hello-spring-boot2/src/main/java
2025-09-09 00:29:22,402 [Worker-18: Importing Maven projects] INFO  o.e.m.j.i.AbstractJavaProjectConfigurator - Adding resource folder /hello-spring-boot2/src/main/resources
2025-09-09 00:29:22,408 [Worker-18: Importing Maven projects] INFO  o.e.m.j.i.AbstractJavaProjectConfigurator - Adding resource folder /hello-spring-boot2/src/main/resources
2025-09-09 00:29:22,413 [Worker-18: Importing Maven projects] INFO  o.e.m.j.i.AbstractJavaProjectConfigurator - Adding source folder /hello-spring-boot2/src/test/java
2025-09-09 00:29:22,414 [Worker-18: Importing Maven projects] INFO  o.e.m.j.i.AbstractJavaProjectConfigurator - Adding resource folder /hello-spring-boot2/src/test/resources
2025-09-09 00:29:23,229 [Worker-18: Importing Maven projects] INFO  o.e.m.c.i.p.ProjectConfigurationManager - Imported and configured 1 project(s) in 3 sec
2025-09-09 00:29:25,569 [Worker-0: Building] INFO  o.a.m.s.f.DefaultMavenResourcesFiltering - Copying 1 resource from src\main\resources to target\classes
2025-09-09 00:29:25,595 [Worker-0: Building] INFO  o.a.m.s.f.DefaultMavenResourcesFiltering - Copying 0 resource from src\main\resources to target\classes
2025-09-09 00:29:25,602 [Worker-0: Building] INFO  o.a.m.s.f.DefaultMavenResourcesFiltering - skip non existing resourceDirectory D:\Spring Boot\Spring Boot Mastery\hello-spring-boot2\src\test\resources
2025-09-09 00:51:43,483 [Worker-8: Building] INFO  o.a.m.s.f.DefaultMavenResourcesFiltering - Copying 1 resource from src\main\resources to target\classes
2025-09-09 00:51:43,496 [Worker-8: Building] INFO  o.a.m.s.f.DefaultMavenResourcesFiltering - Copying 0 resource from src\main\resources to target\classes
2025-09-09 00:51:43,500 [Worker-8: Building] INFO  o.a.m.s.f.DefaultMavenResourcesFiltering - skip non existing resourceDirectory D:\Spring Boot\Spring Boot Mastery\hello-spring-boot2\src\test\resources
2025-09-09 00:51:58,128 [main] INFO  o.e.m2e.actions.ExecutePomAction - Creating new launch configuration
2025-09-09 00:52:37,415 [Worker-9: Launching hello-spring-boot2] INFO  o.eclipse.m2e.core.internal.Bundles - getClasspathEntries(Bundle=org.eclipse.m2e.maven.runtime_3.9.900.20250220-2013 [833])
2025-09-09 00:52:37,418 [Worker-9: Launching hello-spring-boot2] INFO  o.eclipse.m2e.core.internal.Bundles - 	Entry: C:\Software\spring-tool-suite-4-4.28.1.RELEASE-e4.34.0-win32.win32.x86_64\sts-4.28.1.RELEASE\plugins\org.eclipse.m2e.maven.runtime_3.9.900.20250220-2013
2025-09-09 00:52:37,418 [Worker-9: Launching hello-spring-boot2] INFO  o.eclipse.m2e.core.internal.Bundles - 	Entry: C:\Software\spring-tool-suite-4-4.28.1.RELEASE-e4.34.0-win32.win32.x86_64\sts-4.28.1.RELEASE\plugins\org.eclipse.m2e.maven.runtime_3.9.900.20250220-2013\jars\aopalliance-1.0.jar
2025-09-09 00:52:37,418 [Worker-9: Launching hello-spring-boot2] INFO  o.eclipse.m2e.core.internal.Bundles - 	Entry: C:\Software\spring-tool-suite-4-4.28.1.RELEASE-e4.34.0-win32.win32.x86_64\sts-4.28.1.RELEASE\plugins\org.eclipse.m2e.maven.runtime_3.9.900.20250220-2013\jars\guice-5.1.0.jar
2025-09-09 00:52:37,419 [Worker-9: Launching hello-spring-boot2] INFO  o.eclipse.m2e.core.internal.Bundles - 	Entry: C:\Software\spring-tool-suite-4-4.28.1.RELEASE-e4.34.0-win32.win32.x86_64\sts-4.28.1.RELEASE\plugins\org.eclipse.m2e.maven.runtime_3.9.900.20250220-2013\jars\httpclient-4.5.14.jar
2025-09-09 00:52:37,419 [Worker-9: Launching hello-spring-boot2] INFO  o.eclipse.m2e.core.internal.Bundles - 	Entry: C:\Software\spring-tool-suite-4-4.28.1.RELEASE-e4.34.0-win32.win32.x86_64\sts-4.28.1.RELEASE\plugins\org.eclipse.m2e.maven.runtime_3.9.900.20250220-2013\jars\httpcore-4.4.16.jar
2025-09-09 00:52:37,419 [Worker-9: Launching hello-spring-boot2] INFO  o.eclipse.m2e.core.internal.Bundles - 	Entry: C:\Software\spring-tool-suite-4-4.28.1.RELEASE-e4.34.0-win32.win32.x86_64\sts-4.28.1.RELEASE\plugins\org.eclipse.m2e.maven.runtime_3.9.900.20250220-2013\jars\jansi-2.4.1.jar
2025-09-09 00:52:37,419 [Worker-9: Launching hello-spring-boot2] INFO  o.eclipse.m2e.core.internal.Bundles - 	Entry: C:\Software\spring-tool-suite-4-4.28.1.RELEASE-e4.34.0-win32.win32.x86_64\sts-4.28.1.RELEASE\plugins\org.eclipse.m2e.maven.runtime_3.9.900.20250220-2013\jars\jcl-over-slf4j-1.7.36.jar
2025-09-09 00:52:37,419 [Worker-9: Launching hello-spring-boot2] INFO  o.eclipse.m2e.core.internal.Bundles - 	Entry: C:\Software\spring-tool-suite-4-4.28.1.RELEASE-e4.34.0-win32.win32.x86_64\sts-4.28.1.RELEASE\plugins\org.eclipse.m2e.maven.runtime_3.9.900.20250220-2013\jars\maven-artifact-3.9.9.jar
2025-09-09 00:52:37,419 [Worker-9: Launching hello-spring-boot2] INFO  o.eclipse.m2e.core.internal.Bundles - 	Entry: C:\Software\spring-tool-suite-4-4.28.1.RELEASE-e4.34.0-win32.win32.x86_64\sts-4.28.1.RELEASE\plugins\org.eclipse.m2e.maven.runtime_3.9.900.20250220-2013\jars\maven-builder-support-3.9.9.jar
2025-09-09 00:52:37,420 [Worker-9: Launching hello-spring-boot2] INFO  o.eclipse.m2e.core.internal.Bundles - 	Entry: C:\Software\spring-tool-suite-4-4.28.1.RELEASE-e4.34.0-win32.win32.x86_64\sts-4.28.1.RELEASE\plugins\org.eclipse.m2e.maven.runtime_3.9.900.20250220-2013\jars\maven-compat-3.9.9.jar
2025-09-09 00:52:37,420 [Worker-9: Launching hello-spring-boot2] INFO  o.eclipse.m2e.core.internal.Bundles - 	Entry: C:\Software\spring-tool-suite-4-4.28.1.RELEASE-e4.34.0-win32.win32.x86_64\sts-4.28.1.RELEASE\plugins\org.eclipse.m2e.maven.runtime_3.9.900.20250220-2013\jars\maven-core-3.9.9.jar
2025-09-09 00:52:37,420 [Worker-9: Launching hello-spring-boot2] INFO  o.eclipse.m2e.core.internal.Bundles - 	Entry: C:\Software\spring-tool-suite-4-4.28.1.RELEASE-e4.34.0-win32.win32.x86_64\sts-4.28.1.RELEASE\plugins\org.eclipse.m2e.maven.runtime_3.9.900.20250220-2013\jars\maven-embedder-3.9.9.jar
2025-09-09 00:52:37,420 [Worker-9: Launching hello-spring-boot2] INFO  o.eclipse.m2e.core.internal.Bundles - 	Entry: C:\Software\spring-tool-suite-4-4.28.1.RELEASE-e4.34.0-win32.win32.x86_64\sts-4.28.1.RELEASE\plugins\org.eclipse.m2e.maven.runtime_3.9.900.20250220-2013\jars\maven-model-3.9.9.jar
2025-09-09 00:52:37,420 [Worker-9: Launching hello-spring-boot2] INFO  o.eclipse.m2e.core.internal.Bundles - 	Entry: C:\Software\spring-tool-suite-4-4.28.1.RELEASE-e4.34.0-win32.win32.x86_64\sts-4.28.1.RELEASE\plugins\org.eclipse.m2e.maven.runtime_3.9.900.20250220-2013\jars\maven-model-builder-3.9.9.jar
2025-09-09 00:52:37,421 [Worker-9: Launching hello-spring-boot2] INFO  o.eclipse.m2e.core.internal.Bundles - 	Entry: C:\Software\spring-tool-suite-4-4.28.1.RELEASE-e4.34.0-win32.win32.x86_64\sts-4.28.1.RELEASE\plugins\org.eclipse.m2e.maven.runtime_3.9.900.20250220-2013\jars\maven-plugin-api-3.9.9.jar
2025-09-09 00:52:37,421 [Worker-9: Launching hello-spring-boot2] INFO  o.eclipse.m2e.core.internal.Bundles - 	Entry: C:\Software\spring-tool-suite-4-4.28.1.RELEASE-e4.34.0-win32.win32.x86_64\sts-4.28.1.RELEASE\plugins\org.eclipse.m2e.maven.runtime_3.9.900.20250220-2013\jars\maven-repository-metadata-3.9.9.jar
2025-09-09 00:52:37,421 [Worker-9: Launching hello-spring-boot2] INFO  o.eclipse.m2e.core.internal.Bundles - 	Entry: C:\Software\spring-tool-suite-4-4.28.1.RELEASE-e4.34.0-win32.win32.x86_64\sts-4.28.1.RELEASE\plugins\org.eclipse.m2e.maven.runtime_3.9.900.20250220-2013\jars\maven-resolver-api-1.9.22.jar
2025-09-09 00:52:37,421 [Worker-9: Launching hello-spring-boot2] INFO  o.eclipse.m2e.core.internal.Bundles - 	Entry: C:\Software\spring-tool-suite-4-4.28.1.RELEASE-e4.34.0-win32.win32.x86_64\sts-4.28.1.RELEASE\plugins\org.eclipse.m2e.maven.runtime_3.9.900.20250220-2013\jars\maven-resolver-connector-basic-1.9.22.jar
2025-09-09 00:52:37,421 [Worker-9: Launching hello-spring-boot2] INFO  o.eclipse.m2e.core.internal.Bundles - 	Entry: C:\Software\spring-tool-suite-4-4.28.1.RELEASE-e4.34.0-win32.win32.x86_64\sts-4.28.1.RELEASE\plugins\org.eclipse.m2e.maven.runtime_3.9.900.20250220-2013\jars\maven-resolver-impl-1.9.22.jar
2025-09-09 00:52:37,422 [Worker-9: Launching hello-spring-boot2] INFO  o.eclipse.m2e.core.internal.Bundles - 	Entry: C:\Software\spring-tool-suite-4-4.28.1.RELEASE-e4.34.0-win32.win32.x86_64\sts-4.28.1.RELEASE\plugins\org.eclipse.m2e.maven.runtime_3.9.900.20250220-2013\jars\maven-resolver-named-locks-1.9.22.jar
2025-09-09 00:52:37,422 [Worker-9: Launching hello-spring-boot2] INFO  o.eclipse.m2e.core.internal.Bundles - 	Entry: C:\Software\spring-tool-suite-4-4.28.1.RELEASE-e4.34.0-win32.win32.x86_64\sts-4.28.1.RELEASE\plugins\org.eclipse.m2e.maven.runtime_3.9.900.20250220-2013\jars\maven-resolver-provider-3.9.9.jar
2025-09-09 00:52:37,422 [Worker-9: Launching hello-spring-boot2] INFO  o.eclipse.m2e.core.internal.Bundles - 	Entry: C:\Software\spring-tool-suite-4-4.28.1.RELEASE-e4.34.0-win32.win32.x86_64\sts-4.28.1.RELEASE\plugins\org.eclipse.m2e.maven.runtime_3.9.900.20250220-2013\jars\maven-resolver-spi-1.9.22.jar
2025-09-09 00:52:37,422 [Worker-9: Launching hello-spring-boot2] INFO  o.eclipse.m2e.core.internal.Bundles - 	Entry: C:\Software\spring-tool-suite-4-4.28.1.RELEASE-e4.34.0-win32.win32.x86_64\sts-4.28.1.RELEASE\plugins\org.eclipse.m2e.maven.runtime_3.9.900.20250220-2013\jars\maven-resolver-transport-file-1.9.22.jar
2025-09-09 00:52:37,423 [Worker-9: Launching hello-spring-boot2] INFO  o.eclipse.m2e.core.internal.Bundles - 	Entry: C:\Software\spring-tool-suite-4-4.28.1.RELEASE-e4.34.0-win32.win32.x86_64\sts-4.28.1.RELEASE\plugins\org.eclipse.m2e.maven.runtime_3.9.900.20250220-2013\jars\maven-resolver-transport-http-1.9.22.jar
2025-09-09 00:52:37,424 [Worker-9: Launching hello-spring-boot2] INFO  o.eclipse.m2e.core.internal.Bundles - 	Entry: C:\Software\spring-tool-suite-4-4.28.1.RELEASE-e4.34.0-win32.win32.x86_64\sts-4.28.1.RELEASE\plugins\org.eclipse.m2e.maven.runtime_3.9.900.20250220-2013\jars\maven-resolver-transport-wagon-1.9.22.jar
2025-09-09 00:52:37,427 [Worker-9: Launching hello-spring-boot2] INFO  o.eclipse.m2e.core.internal.Bundles - 	Entry: C:\Software\spring-tool-suite-4-4.28.1.RELEASE-e4.34.0-win32.win32.x86_64\sts-4.28.1.RELEASE\plugins\org.eclipse.m2e.maven.runtime_3.9.900.20250220-2013\jars\maven-resolver-util-1.9.22.jar
2025-09-09 00:52:37,428 [Worker-9: Launching hello-spring-boot2] INFO  o.eclipse.m2e.core.internal.Bundles - 	Entry: C:\Software\spring-tool-suite-4-4.28.1.RELEASE-e4.34.0-win32.win32.x86_64\sts-4.28.1.RELEASE\plugins\org.eclipse.m2e.maven.runtime_3.9.900.20250220-2013\jars\maven-settings-3.9.9.jar
2025-09-09 00:52:37,429 [Worker-9: Launching hello-spring-boot2] INFO  o.eclipse.m2e.core.internal.Bundles - 	Entry: C:\Software\spring-tool-suite-4-4.28.1.RELEASE-e4.34.0-win32.win32.x86_64\sts-4.28.1.RELEASE\plugins\org.eclipse.m2e.maven.runtime_3.9.900.20250220-2013\jars\maven-settings-builder-3.9.9.jar
2025-09-09 00:52:37,429 [Worker-9: Launching hello-spring-boot2] INFO  o.eclipse.m2e.core.internal.Bundles - 	Entry: C:\Software\spring-tool-suite-4-4.28.1.RELEASE-e4.34.0-win32.win32.x86_64\sts-4.28.1.RELEASE\plugins\org.eclipse.m2e.maven.runtime_3.9.900.20250220-2013\jars\maven-shared-utils-3.4.2.jar
2025-09-09 00:52:37,429 [Worker-9: Launching hello-spring-boot2] INFO  o.eclipse.m2e.core.internal.Bundles - 	Entry: C:\Software\spring-tool-suite-4-4.28.1.RELEASE-e4.34.0-win32.win32.x86_64\sts-4.28.1.RELEASE\plugins\org.eclipse.m2e.maven.runtime_3.9.900.20250220-2013\jars\org.eclipse.sisu.inject-0.9.0.M3.jar
2025-09-09 00:52:37,429 [Worker-9: Launching hello-spring-boot2] INFO  o.eclipse.m2e.core.internal.Bundles - 	Entry: C:\Software\spring-tool-suite-4-4.28.1.RELEASE-e4.34.0-win32.win32.x86_64\sts-4.28.1.RELEASE\plugins\org.eclipse.m2e.maven.runtime_3.9.900.20250220-2013\jars\org.eclipse.sisu.plexus-0.9.0.M3.jar
2025-09-09 00:52:37,429 [Worker-9: Launching hello-spring-boot2] INFO  o.eclipse.m2e.core.internal.Bundles - 	Entry: C:\Software\spring-tool-suite-4-4.28.1.RELEASE-e4.34.0-win32.win32.x86_64\sts-4.28.1.RELEASE\plugins\org.eclipse.m2e.maven.runtime_3.9.900.20250220-2013\jars\plexus-build-api-0.0.7.jar
2025-09-09 00:52:37,429 [Worker-9: Launching hello-spring-boot2] INFO  o.eclipse.m2e.core.internal.Bundles - 	Entry: C:\Software\spring-tool-suite-4-4.28.1.RELEASE-e4.34.0-win32.win32.x86_64\sts-4.28.1.RELEASE\plugins\org.eclipse.m2e.maven.runtime_3.9.900.20250220-2013\jars\plexus-build-api-1.2.0.jar
2025-09-09 00:52:37,430 [Worker-9: Launching hello-spring-boot2] INFO  o.eclipse.m2e.core.internal.Bundles - 	Entry: C:\Software\spring-tool-suite-4-4.28.1.RELEASE-e4.34.0-win32.win32.x86_64\sts-4.28.1.RELEASE\plugins\org.eclipse.m2e.maven.runtime_3.9.900.20250220-2013\jars\plexus-cipher-2.0.jar
2025-09-09 00:52:37,430 [Worker-9: Launching hello-spring-boot2] INFO  o.eclipse.m2e.core.internal.Bundles - 	Entry: C:\Software\spring-tool-suite-4-4.28.1.RELEASE-e4.34.0-win32.win32.x86_64\sts-4.28.1.RELEASE\plugins\org.eclipse.m2e.maven.runtime_3.9.900.20250220-2013\jars\plexus-classworlds-2.8.0.jar
2025-09-09 00:52:37,430 [Worker-9: Launching hello-spring-boot2] INFO  o.eclipse.m2e.core.internal.Bundles - 	Entry: C:\Software\spring-tool-suite-4-4.28.1.RELEASE-e4.34.0-win32.win32.x86_64\sts-4.28.1.RELEASE\plugins\org.eclipse.m2e.maven.runtime_3.9.900.20250220-2013\jars\plexus-component-annotations-2.1.0.jar
2025-09-09 00:52:37,430 [Worker-9: Launching hello-spring-boot2] INFO  o.eclipse.m2e.core.internal.Bundles - 	Entry: C:\Software\spring-tool-suite-4-4.28.1.RELEASE-e4.34.0-win32.win32.x86_64\sts-4.28.1.RELEASE\plugins\org.eclipse.m2e.maven.runtime_3.9.900.20250220-2013\jars\plexus-interpolation-1.27.jar
2025-09-09 00:52:37,430 [Worker-9: Launching hello-spring-boot2] INFO  o.eclipse.m2e.core.internal.Bundles - 	Entry: C:\Software\spring-tool-suite-4-4.28.1.RELEASE-e4.34.0-win32.win32.x86_64\sts-4.28.1.RELEASE\plugins\org.eclipse.m2e.maven.runtime_3.9.900.20250220-2013\jars\plexus-sec-dispatcher-2.0.jar
2025-09-09 00:52:37,431 [Worker-9: Launching hello-spring-boot2] INFO  o.eclipse.m2e.core.internal.Bundles - 	Entry: C:\Software\spring-tool-suite-4-4.28.1.RELEASE-e4.34.0-win32.win32.x86_64\sts-4.28.1.RELEASE\plugins\org.eclipse.m2e.maven.runtime_3.9.900.20250220-2013\jars\plexus-utils-3.5.1.jar
2025-09-09 00:52:37,431 [Worker-9: Launching hello-spring-boot2] INFO  o.eclipse.m2e.core.internal.Bundles - 	Entry: C:\Software\spring-tool-suite-4-4.28.1.RELEASE-e4.34.0-win32.win32.x86_64\sts-4.28.1.RELEASE\plugins\org.eclipse.m2e.maven.runtime_3.9.900.20250220-2013\jars\plexus-xml-3.0.1.jar
2025-09-09 00:52:37,431 [Worker-9: Launching hello-spring-boot2] INFO  o.eclipse.m2e.core.internal.Bundles - 	Entry: C:\Software\spring-tool-suite-4-4.28.1.RELEASE-e4.34.0-win32.win32.x86_64\sts-4.28.1.RELEASE\plugins\org.eclipse.m2e.maven.runtime_3.9.900.20250220-2013\jars\wagon-file-3.5.3.jar
2025-09-09 00:52:37,431 [Worker-9: Launching hello-spring-boot2] INFO  o.eclipse.m2e.core.internal.Bundles - 	Entry: C:\Software\spring-tool-suite-4-4.28.1.RELEASE-e4.34.0-win32.win32.x86_64\sts-4.28.1.RELEASE\plugins\org.eclipse.m2e.maven.runtime_3.9.900.20250220-2013\jars\wagon-http-3.5.3.jar
2025-09-09 00:52:37,432 [Worker-9: Launching hello-spring-boot2] INFO  o.eclipse.m2e.core.internal.Bundles - 	Entry: C:\Software\spring-tool-suite-4-4.28.1.RELEASE-e4.34.0-win32.win32.x86_64\sts-4.28.1.RELEASE\plugins\org.eclipse.m2e.maven.runtime_3.9.900.20250220-2013\jars\wagon-http-shared-3.5.3.jar
2025-09-09 00:52:37,432 [Worker-9: Launching hello-spring-boot2] INFO  o.eclipse.m2e.core.internal.Bundles - 	Entry: C:\Software\spring-tool-suite-4-4.28.1.RELEASE-e4.34.0-win32.win32.x86_64\sts-4.28.1.RELEASE\plugins\org.eclipse.m2e.maven.runtime_3.9.900.20250220-2013\jars\wagon-provider-api-3.5.3.jar
2025-09-09 00:52:37,434 [Worker-9: Launching hello-spring-boot2] INFO  o.eclipse.m2e.core.internal.Bundles - getClasspathEntries(Bundle=com.google.guava_33.4.8.jre [982])
2025-09-09 00:52:37,435 [Worker-9: Launching hello-spring-boot2] INFO  o.eclipse.m2e.core.internal.Bundles - 	Entry: C:\Software\spring-tool-suite-4-4.28.1.RELEASE-e4.34.0-win32.win32.x86_64\sts-4.28.1.RELEASE\plugins\com.google.guava_33.4.8.jre.jar
2025-09-09 00:52:37,435 [Worker-9: Launching hello-spring-boot2] INFO  o.eclipse.m2e.core.internal.Bundles - getClasspathEntries(Bundle=slf4j.api_2.0.17 [1342])
2025-09-09 00:52:37,435 [Worker-9: Launching hello-spring-boot2] INFO  o.eclipse.m2e.core.internal.Bundles - 	Entry: C:\Software\spring-tool-suite-4-4.28.1.RELEASE-e4.34.0-win32.win32.x86_64\sts-4.28.1.RELEASE\plugins\slf4j.api_2.0.17.jar
2025-09-09 00:52:37,435 [Worker-9: Launching hello-spring-boot2] INFO  o.eclipse.m2e.core.internal.Bundles - getClasspathEntries(Bundle=jakarta.inject.jakarta.inject-api_1.0.5 [45])
2025-09-09 00:52:37,436 [Worker-9: Launching hello-spring-boot2] INFO  o.eclipse.m2e.core.internal.Bundles - 	Entry: C:\Software\spring-tool-suite-4-4.28.1.RELEASE-e4.34.0-win32.win32.x86_64\sts-4.28.1.RELEASE\plugins\jakarta.inject.jakarta.inject-api_1.0.5.jar
2025-09-09 00:52:37,436 [Worker-9: Launching hello-spring-boot2] INFO  o.eclipse.m2e.core.internal.Bundles - getClasspathEntries(Bundle=javax.annotation_1.3.5.v20200909-1856 [987])
2025-09-09 00:52:37,436 [Worker-9: Launching hello-spring-boot2] INFO  o.eclipse.m2e.core.internal.Bundles - 	Entry: C:\Software\spring-tool-suite-4-4.28.1.RELEASE-e4.34.0-win32.win32.x86_64\sts-4.28.1.RELEASE\plugins\javax.annotation_1.3.5.v20200909-1856.jar
2025-09-09 00:52:37,436 [Worker-9: Launching hello-spring-boot2] INFO  o.eclipse.m2e.core.internal.Bundles - getClasspathEntries(Bundle=org.apache.commons.cli_1.9.0 [78])
2025-09-09 00:52:37,436 [Worker-9: Launching hello-spring-boot2] INFO  o.eclipse.m2e.core.internal.Bundles - 	Entry: C:\Software\spring-tool-suite-4-4.28.1.RELEASE-e4.34.0-win32.win32.x86_64\sts-4.28.1.RELEASE\plugins\org.apache.commons.cli_1.9.0.jar
2025-09-09 00:52:37,436 [Worker-9: Launching hello-spring-boot2] INFO  o.eclipse.m2e.core.internal.Bundles - getClasspathEntries(Bundle=org.apache.commons.commons-codec_1.16.0 [81])
2025-09-09 00:52:37,437 [Worker-9: Launching hello-spring-boot2] INFO  o.eclipse.m2e.core.internal.Bundles - 	Entry: C:\Software\spring-tool-suite-4-4.28.1.RELEASE-e4.34.0-win32.win32.x86_64\sts-4.28.1.RELEASE\plugins\org.apache.commons.commons-codec_1.16.0.jar
2025-09-09 00:52:37,437 [Worker-9: Launching hello-spring-boot2] INFO  o.eclipse.m2e.core.internal.Bundles - getClasspathEntries(Bundle=com.google.guava.failureaccess_1.0.3 [983])
2025-09-09 00:52:37,437 [Worker-9: Launching hello-spring-boot2] INFO  o.eclipse.m2e.core.internal.Bundles - 	Entry: C:\Software\spring-tool-suite-4-4.28.1.RELEASE-e4.34.0-win32.win32.x86_64\sts-4.28.1.RELEASE\plugins\com.google.guava.failureaccess_1.0.3.jar
2025-09-09 00:52:37,439 [Worker-9: Launching hello-spring-boot2] INFO  o.e.m.i.launch.MavenLaunchDelegate - Run build in "D:\Spring Boot\Spring Boot Mastery\hello-spring-boot2":
2025-09-09 00:52:37,440 [Worker-9: Launching hello-spring-boot2] INFO  o.e.m.i.launch.MavenLaunchDelegate -  mvn  -B -Dstyle.color=always clean spring-boot :run
2025-09-09 00:52:37,692 [Worker-17: Building] INFO  o.a.m.s.f.DefaultMavenResourcesFiltering - Copying 1 resource from src\main\resources to target\classes
2025-09-09 00:52:37,706 [Worker-17: Building] INFO  o.a.m.s.f.DefaultMavenResourcesFiltering - Copying 0 resource from src\main\resources to target\classes
2025-09-09 00:52:37,722 [Worker-17: Building] INFO  o.a.m.s.f.DefaultMavenResourcesFiltering - skip non existing resourceDirectory D:\Spring Boot\Spring Boot Mastery\hello-spring-boot2\src\test\resources
2025-09-09 00:53:46,103 [main] INFO  o.e.m2e.actions.ExecutePomAction - Creating new launch configuration
2025-09-09 00:54:01,477 [Worker-18: Launching hello-spring-boot2 (1)] INFO  o.eclipse.m2e.core.internal.Bundles - getClasspathEntries(Bundle=org.eclipse.m2e.maven.runtime_3.9.900.20250220-2013 [833])
2025-09-09 00:54:01,478 [Worker-18: Launching hello-spring-boot2 (1)] INFO  o.eclipse.m2e.core.internal.Bundles - 	Entry: C:\Software\spring-tool-suite-4-4.28.1.RELEASE-e4.34.0-win32.win32.x86_64\sts-4.28.1.RELEASE\plugins\org.eclipse.m2e.maven.runtime_3.9.900.20250220-2013
2025-09-09 00:54:01,479 [Worker-18: Launching hello-spring-boot2 (1)] INFO  o.eclipse.m2e.core.internal.Bundles - 	Entry: C:\Software\spring-tool-suite-4-4.28.1.RELEASE-e4.34.0-win32.win32.x86_64\sts-4.28.1.RELEASE\plugins\org.eclipse.m2e.maven.runtime_3.9.900.20250220-2013\jars\aopalliance-1.0.jar
2025-09-09 00:54:01,479 [Worker-18: Launching hello-spring-boot2 (1)] INFO  o.eclipse.m2e.core.internal.Bundles - 	Entry: C:\Software\spring-tool-suite-4-4.28.1.RELEASE-e4.34.0-win32.win32.x86_64\sts-4.28.1.RELEASE\plugins\org.eclipse.m2e.maven.runtime_3.9.900.20250220-2013\jars\guice-5.1.0.jar
2025-09-09 00:54:01,479 [Worker-18: Launching hello-spring-boot2 (1)] INFO  o.eclipse.m2e.core.internal.Bundles - 	Entry: C:\Software\spring-tool-suite-4-4.28.1.RELEASE-e4.34.0-win32.win32.x86_64\sts-4.28.1.RELEASE\plugins\org.eclipse.m2e.maven.runtime_3.9.900.20250220-2013\jars\httpclient-4.5.14.jar
2025-09-09 00:54:01,480 [Worker-18: Launching hello-spring-boot2 (1)] INFO  o.eclipse.m2e.core.internal.Bundles - 	Entry: C:\Software\spring-tool-suite-4-4.28.1.RELEASE-e4.34.0-win32.win32.x86_64\sts-4.28.1.RELEASE\plugins\org.eclipse.m2e.maven.runtime_3.9.900.20250220-2013\jars\httpcore-4.4.16.jar
2025-09-09 00:54:01,480 [Worker-18: Launching hello-spring-boot2 (1)] INFO  o.eclipse.m2e.core.internal.Bundles - 	Entry: C:\Software\spring-tool-suite-4-4.28.1.RELEASE-e4.34.0-win32.win32.x86_64\sts-4.28.1.RELEASE\plugins\org.eclipse.m2e.maven.runtime_3.9.900.20250220-2013\jars\jansi-2.4.1.jar
2025-09-09 00:54:01,480 [Worker-18: Launching hello-spring-boot2 (1)] INFO  o.eclipse.m2e.core.internal.Bundles - 	Entry: C:\Software\spring-tool-suite-4-4.28.1.RELEASE-e4.34.0-win32.win32.x86_64\sts-4.28.1.RELEASE\plugins\org.eclipse.m2e.maven.runtime_3.9.900.20250220-2013\jars\jcl-over-slf4j-1.7.36.jar
2025-09-09 00:54:01,480 [Worker-18: Launching hello-spring-boot2 (1)] INFO  o.eclipse.m2e.core.internal.Bundles - 	Entry: C:\Software\spring-tool-suite-4-4.28.1.RELEASE-e4.34.0-win32.win32.x86_64\sts-4.28.1.RELEASE\plugins\org.eclipse.m2e.maven.runtime_3.9.900.20250220-2013\jars\maven-artifact-3.9.9.jar
2025-09-09 00:54:01,480 [Worker-18: Launching hello-spring-boot2 (1)] INFO  o.eclipse.m2e.core.internal.Bundles - 	Entry: C:\Software\spring-tool-suite-4-4.28.1.RELEASE-e4.34.0-win32.win32.x86_64\sts-4.28.1.RELEASE\plugins\org.eclipse.m2e.maven.runtime_3.9.900.20250220-2013\jars\maven-builder-support-3.9.9.jar
2025-09-09 00:54:01,480 [Worker-18: Launching hello-spring-boot2 (1)] INFO  o.eclipse.m2e.core.internal.Bundles - 	Entry: C:\Software\spring-tool-suite-4-4.28.1.RELEASE-e4.34.0-win32.win32.x86_64\sts-4.28.1.RELEASE\plugins\org.eclipse.m2e.maven.runtime_3.9.900.20250220-2013\jars\maven-compat-3.9.9.jar
2025-09-09 00:54:01,480 [Worker-18: Launching hello-spring-boot2 (1)] INFO  o.eclipse.m2e.core.internal.Bundles - 	Entry: C:\Software\spring-tool-suite-4-4.28.1.RELEASE-e4.34.0-win32.win32.x86_64\sts-4.28.1.RELEASE\plugins\org.eclipse.m2e.maven.runtime_3.9.900.20250220-2013\jars\maven-core-3.9.9.jar
2025-09-09 00:54:01,481 [Worker-18: Launching hello-spring-boot2 (1)] INFO  o.eclipse.m2e.core.internal.Bundles - 	Entry: C:\Software\spring-tool-suite-4-4.28.1.RELEASE-e4.34.0-win32.win32.x86_64\sts-4.28.1.RELEASE\plugins\org.eclipse.m2e.maven.runtime_3.9.900.20250220-2013\jars\maven-embedder-3.9.9.jar
2025-09-09 00:54:01,481 [Worker-18: Launching hello-spring-boot2 (1)] INFO  o.eclipse.m2e.core.internal.Bundles - 	Entry: C:\Software\spring-tool-suite-4-4.28.1.RELEASE-e4.34.0-win32.win32.x86_64\sts-4.28.1.RELEASE\plugins\org.eclipse.m2e.maven.runtime_3.9.900.20250220-2013\jars\maven-model-3.9.9.jar
2025-09-09 00:54:01,481 [Worker-18: Launching hello-spring-boot2 (1)] INFO  o.eclipse.m2e.core.internal.Bundles - 	Entry: C:\Software\spring-tool-suite-4-4.28.1.RELEASE-e4.34.0-win32.win32.x86_64\sts-4.28.1.RELEASE\plugins\org.eclipse.m2e.maven.runtime_3.9.900.20250220-2013\jars\maven-model-builder-3.9.9.jar
2025-09-09 00:54:01,481 [Worker-18: Launching hello-spring-boot2 (1)] INFO  o.eclipse.m2e.core.internal.Bundles - 	Entry: C:\Software\spring-tool-suite-4-4.28.1.RELEASE-e4.34.0-win32.win32.x86_64\sts-4.28.1.RELEASE\plugins\org.eclipse.m2e.maven.runtime_3.9.900.20250220-2013\jars\maven-plugin-api-3.9.9.jar
2025-09-09 00:54:01,481 [Worker-18: Launching hello-spring-boot2 (1)] INFO  o.eclipse.m2e.core.internal.Bundles - 	Entry: C:\Software\spring-tool-suite-4-4.28.1.RELEASE-e4.34.0-win32.win32.x86_64\sts-4.28.1.RELEASE\plugins\org.eclipse.m2e.maven.runtime_3.9.900.20250220-2013\jars\maven-repository-metadata-3.9.9.jar
2025-09-09 00:54:01,481 [Worker-18: Launching hello-spring-boot2 (1)] INFO  o.eclipse.m2e.core.internal.Bundles - 	Entry: C:\Software\spring-tool-suite-4-4.28.1.RELEASE-e4.34.0-win32.win32.x86_64\sts-4.28.1.RELEASE\plugins\org.eclipse.m2e.maven.runtime_3.9.900.20250220-2013\jars\maven-resolver-api-1.9.22.jar
2025-09-09 00:54:01,481 [Worker-18: Launching hello-spring-boot2 (1)] INFO  o.eclipse.m2e.core.internal.Bundles - 	Entry: C:\Software\spring-tool-suite-4-4.28.1.RELEASE-e4.34.0-win32.win32.x86_64\sts-4.28.1.RELEASE\plugins\org.eclipse.m2e.maven.runtime_3.9.900.20250220-2013\jars\maven-resolver-connector-basic-1.9.22.jar
2025-09-09 00:54:01,481 [Worker-18: Launching hello-spring-boot2 (1)] INFO  o.eclipse.m2e.core.internal.Bundles - 	Entry: C:\Software\spring-tool-suite-4-4.28.1.RELEASE-e4.34.0-win32.win32.x86_64\sts-4.28.1.RELEASE\plugins\org.eclipse.m2e.maven.runtime_3.9.900.20250220-2013\jars\maven-resolver-impl-1.9.22.jar
2025-09-09 00:54:01,482 [Worker-18: Launching hello-spring-boot2 (1)] INFO  o.eclipse.m2e.core.internal.Bundles - 	Entry: C:\Software\spring-tool-suite-4-4.28.1.RELEASE-e4.34.0-win32.win32.x86_64\sts-4.28.1.RELEASE\plugins\org.eclipse.m2e.maven.runtime_3.9.900.20250220-2013\jars\maven-resolver-named-locks-1.9.22.jar
2025-09-09 00:54:01,482 [Worker-18: Launching hello-spring-boot2 (1)] INFO  o.eclipse.m2e.core.internal.Bundles - 	Entry: C:\Software\spring-tool-suite-4-4.28.1.RELEASE-e4.34.0-win32.win32.x86_64\sts-4.28.1.RELEASE\plugins\org.eclipse.m2e.maven.runtime_3.9.900.20250220-2013\jars\maven-resolver-provider-3.9.9.jar
2025-09-09 00:54:01,482 [Worker-18: Launching hello-spring-boot2 (1)] INFO  o.eclipse.m2e.core.internal.Bundles - 	Entry: C:\Software\spring-tool-suite-4-4.28.1.RELEASE-e4.34.0-win32.win32.x86_64\sts-4.28.1.RELEASE\plugins\org.eclipse.m2e.maven.runtime_3.9.900.20250220-2013\jars\maven-resolver-spi-1.9.22.jar
2025-09-09 00:54:01,482 [Worker-18: Launching hello-spring-boot2 (1)] INFO  o.eclipse.m2e.core.internal.Bundles - 	Entry: C:\Software\spring-tool-suite-4-4.28.1.RELEASE-e4.34.0-win32.win32.x86_64\sts-4.28.1.RELEASE\plugins\org.eclipse.m2e.maven.runtime_3.9.900.20250220-2013\jars\maven-resolver-transport-file-1.9.22.jar
2025-09-09 00:54:01,482 [Worker-18: Launching hello-spring-boot2 (1)] INFO  o.eclipse.m2e.core.internal.Bundles - 	Entry: C:\Software\spring-tool-suite-4-4.28.1.RELEASE-e4.34.0-win32.win32.x86_64\sts-4.28.1.RELEASE\plugins\org.eclipse.m2e.maven.runtime_3.9.900.20250220-2013\jars\maven-resolver-transport-http-1.9.22.jar
2025-09-09 00:54:01,483 [Worker-18: Launching hello-spring-boot2 (1)] INFO  o.eclipse.m2e.core.internal.Bundles - 	Entry: C:\Software\spring-tool-suite-4-4.28.1.RELEASE-e4.34.0-win32.win32.x86_64\sts-4.28.1.RELEASE\plugins\org.eclipse.m2e.maven.runtime_3.9.900.20250220-2013\jars\maven-resolver-transport-wagon-1.9.22.jar
2025-09-09 00:54:01,483 [Worker-18: Launching hello-spring-boot2 (1)] INFO  o.eclipse.m2e.core.internal.Bundles - 	Entry: C:\Software\spring-tool-suite-4-4.28.1.RELEASE-e4.34.0-win32.win32.x86_64\sts-4.28.1.RELEASE\plugins\org.eclipse.m2e.maven.runtime_3.9.900.20250220-2013\jars\maven-resolver-util-1.9.22.jar
2025-09-09 00:54:01,483 [Worker-18: Launching hello-spring-boot2 (1)] INFO  o.eclipse.m2e.core.internal.Bundles - 	Entry: C:\Software\spring-tool-suite-4-4.28.1.RELEASE-e4.34.0-win32.win32.x86_64\sts-4.28.1.RELEASE\plugins\org.eclipse.m2e.maven.runtime_3.9.900.20250220-2013\jars\maven-settings-3.9.9.jar
2025-09-09 00:54:01,483 [Worker-18: Launching hello-spring-boot2 (1)] INFO  o.eclipse.m2e.core.internal.Bundles - 	Entry: C:\Software\spring-tool-suite-4-4.28.1.RELEASE-e4.34.0-win32.win32.x86_64\sts-4.28.1.RELEASE\plugins\org.eclipse.m2e.maven.runtime_3.9.900.20250220-2013\jars\maven-settings-builder-3.9.9.jar
2025-09-09 00:54:01,483 [Worker-18: Launching hello-spring-boot2 (1)] INFO  o.eclipse.m2e.core.internal.Bundles - 	Entry: C:\Software\spring-tool-suite-4-4.28.1.RELEASE-e4.34.0-win32.win32.x86_64\sts-4.28.1.RELEASE\plugins\org.eclipse.m2e.maven.runtime_3.9.900.20250220-2013\jars\maven-shared-utils-3.4.2.jar
2025-09-09 00:54:01,483 [Worker-18: Launching hello-spring-boot2 (1)] INFO  o.eclipse.m2e.core.internal.Bundles - 	Entry: C:\Software\spring-tool-suite-4-4.28.1.RELEASE-e4.34.0-win32.win32.x86_64\sts-4.28.1.RELEASE\plugins\org.eclipse.m2e.maven.runtime_3.9.900.20250220-2013\jars\org.eclipse.sisu.inject-0.9.0.M3.jar
2025-09-09 00:54:01,484 [Worker-18: Launching hello-spring-boot2 (1)] INFO  o.eclipse.m2e.core.internal.Bundles - 	Entry: C:\Software\spring-tool-suite-4-4.28.1.RELEASE-e4.34.0-win32.win32.x86_64\sts-4.28.1.RELEASE\plugins\org.eclipse.m2e.maven.runtime_3.9.900.20250220-2013\jars\org.eclipse.sisu.plexus-0.9.0.M3.jar
2025-09-09 00:54:01,484 [Worker-18: Launching hello-spring-boot2 (1)] INFO  o.eclipse.m2e.core.internal.Bundles - 	Entry: C:\Software\spring-tool-suite-4-4.28.1.RELEASE-e4.34.0-win32.win32.x86_64\sts-4.28.1.RELEASE\plugins\org.eclipse.m2e.maven.runtime_3.9.900.20250220-2013\jars\plexus-build-api-0.0.7.jar
2025-09-09 00:54:01,484 [Worker-18: Launching hello-spring-boot2 (1)] INFO  o.eclipse.m2e.core.internal.Bundles - 	Entry: C:\Software\spring-tool-suite-4-4.28.1.RELEASE-e4.34.0-win32.win32.x86_64\sts-4.28.1.RELEASE\plugins\org.eclipse.m2e.maven.runtime_3.9.900.20250220-2013\jars\plexus-build-api-1.2.0.jar
2025-09-09 00:54:01,484 [Worker-18: Launching hello-spring-boot2 (1)] INFO  o.eclipse.m2e.core.internal.Bundles - 	Entry: C:\Software\spring-tool-suite-4-4.28.1.RELEASE-e4.34.0-win32.win32.x86_64\sts-4.28.1.RELEASE\plugins\org.eclipse.m2e.maven.runtime_3.9.900.20250220-2013\jars\plexus-cipher-2.0.jar
2025-09-09 00:54:01,484 [Worker-18: Launching hello-spring-boot2 (1)] INFO  o.eclipse.m2e.core.internal.Bundles - 	Entry: C:\Software\spring-tool-suite-4-4.28.1.RELEASE-e4.34.0-win32.win32.x86_64\sts-4.28.1.RELEASE\plugins\org.eclipse.m2e.maven.runtime_3.9.900.20250220-2013\jars\plexus-classworlds-2.8.0.jar
2025-09-09 00:54:01,484 [Worker-18: Launching hello-spring-boot2 (1)] INFO  o.eclipse.m2e.core.internal.Bundles - 	Entry: C:\Software\spring-tool-suite-4-4.28.1.RELEASE-e4.34.0-win32.win32.x86_64\sts-4.28.1.RELEASE\plugins\org.eclipse.m2e.maven.runtime_3.9.900.20250220-2013\jars\plexus-component-annotations-2.1.0.jar
2025-09-09 00:54:01,484 [Worker-18: Launching hello-spring-boot2 (1)] INFO  o.eclipse.m2e.core.internal.Bundles - 	Entry: C:\Software\spring-tool-suite-4-4.28.1.RELEASE-e4.34.0-win32.win32.x86_64\sts-4.28.1.RELEASE\plugins\org.eclipse.m2e.maven.runtime_3.9.900.20250220-2013\jars\plexus-interpolation-1.27.jar
2025-09-09 00:54:01,485 [Worker-18: Launching hello-spring-boot2 (1)] INFO  o.eclipse.m2e.core.internal.Bundles - 	Entry: C:\Software\spring-tool-suite-4-4.28.1.RELEASE-e4.34.0-win32.win32.x86_64\sts-4.28.1.RELEASE\plugins\org.eclipse.m2e.maven.runtime_3.9.900.20250220-2013\jars\plexus-sec-dispatcher-2.0.jar
2025-09-09 00:54:01,485 [Worker-18: Launching hello-spring-boot2 (1)] INFO  o.eclipse.m2e.core.internal.Bundles - 	Entry: C:\Software\spring-tool-suite-4-4.28.1.RELEASE-e4.34.0-win32.win32.x86_64\sts-4.28.1.RELEASE\plugins\org.eclipse.m2e.maven.runtime_3.9.900.20250220-2013\jars\plexus-utils-3.5.1.jar
2025-09-09 00:54:01,485 [Worker-18: Launching hello-spring-boot2 (1)] INFO  o.eclipse.m2e.core.internal.Bundles - 	Entry: C:\Software\spring-tool-suite-4-4.28.1.RELEASE-e4.34.0-win32.win32.x86_64\sts-4.28.1.RELEASE\plugins\org.eclipse.m2e.maven.runtime_3.9.900.20250220-2013\jars\plexus-xml-3.0.1.jar
2025-09-09 00:54:01,485 [Worker-18: Launching hello-spring-boot2 (1)] INFO  o.eclipse.m2e.core.internal.Bundles - 	Entry: C:\Software\spring-tool-suite-4-4.28.1.RELEASE-e4.34.0-win32.win32.x86_64\sts-4.28.1.RELEASE\plugins\org.eclipse.m2e.maven.runtime_3.9.900.20250220-2013\jars\wagon-file-3.5.3.jar
2025-09-09 00:54:01,486 [Worker-18: Launching hello-spring-boot2 (1)] INFO  o.eclipse.m2e.core.internal.Bundles - 	Entry: C:\Software\spring-tool-suite-4-4.28.1.RELEASE-e4.34.0-win32.win32.x86_64\sts-4.28.1.RELEASE\plugins\org.eclipse.m2e.maven.runtime_3.9.900.20250220-2013\jars\wagon-http-3.5.3.jar
2025-09-09 00:54:01,486 [Worker-18: Launching hello-spring-boot2 (1)] INFO  o.eclipse.m2e.core.internal.Bundles - 	Entry: C:\Software\spring-tool-suite-4-4.28.1.RELEASE-e4.34.0-win32.win32.x86_64\sts-4.28.1.RELEASE\plugins\org.eclipse.m2e.maven.runtime_3.9.900.20250220-2013\jars\wagon-http-shared-3.5.3.jar
2025-09-09 00:54:01,486 [Worker-18: Launching hello-spring-boot2 (1)] INFO  o.eclipse.m2e.core.internal.Bundles - 	Entry: C:\Software\spring-tool-suite-4-4.28.1.RELEASE-e4.34.0-win32.win32.x86_64\sts-4.28.1.RELEASE\plugins\org.eclipse.m2e.maven.runtime_3.9.900.20250220-2013\jars\wagon-provider-api-3.5.3.jar
2025-09-09 00:54:01,487 [Worker-18: Launching hello-spring-boot2 (1)] INFO  o.eclipse.m2e.core.internal.Bundles - getClasspathEntries(Bundle=com.google.guava_33.4.8.jre [982])
2025-09-09 00:54:01,487 [Worker-18: Launching hello-spring-boot2 (1)] INFO  o.eclipse.m2e.core.internal.Bundles - 	Entry: C:\Software\spring-tool-suite-4-4.28.1.RELEASE-e4.34.0-win32.win32.x86_64\sts-4.28.1.RELEASE\plugins\com.google.guava_33.4.8.jre.jar
2025-09-09 00:54:01,487 [Worker-18: Launching hello-spring-boot2 (1)] INFO  o.eclipse.m2e.core.internal.Bundles - getClasspathEntries(Bundle=slf4j.api_2.0.17 [1342])
2025-09-09 00:54:01,488 [Worker-18: Launching hello-spring-boot2 (1)] INFO  o.eclipse.m2e.core.internal.Bundles - 	Entry: C:\Software\spring-tool-suite-4-4.28.1.RELEASE-e4.34.0-win32.win32.x86_64\sts-4.28.1.RELEASE\plugins\slf4j.api_2.0.17.jar
2025-09-09 00:54:01,488 [Worker-18: Launching hello-spring-boot2 (1)] INFO  o.eclipse.m2e.core.internal.Bundles - getClasspathEntries(Bundle=jakarta.inject.jakarta.inject-api_1.0.5 [45])
2025-09-09 00:54:01,488 [Worker-18: Launching hello-spring-boot2 (1)] INFO  o.eclipse.m2e.core.internal.Bundles - 	Entry: C:\Software\spring-tool-suite-4-4.28.1.RELEASE-e4.34.0-win32.win32.x86_64\sts-4.28.1.RELEASE\plugins\jakarta.inject.jakarta.inject-api_1.0.5.jar
2025-09-09 00:54:01,488 [Worker-18: Launching hello-spring-boot2 (1)] INFO  o.eclipse.m2e.core.internal.Bundles - getClasspathEntries(Bundle=javax.annotation_1.3.5.v20200909-1856 [987])
2025-09-09 00:54:01,488 [Worker-18: Launching hello-spring-boot2 (1)] INFO  o.eclipse.m2e.core.internal.Bundles - 	Entry: C:\Software\spring-tool-suite-4-4.28.1.RELEASE-e4.34.0-win32.win32.x86_64\sts-4.28.1.RELEASE\plugins\javax.annotation_1.3.5.v20200909-1856.jar
2025-09-09 00:54:01,488 [Worker-18: Launching hello-spring-boot2 (1)] INFO  o.eclipse.m2e.core.internal.Bundles - getClasspathEntries(Bundle=org.apache.commons.cli_1.9.0 [78])
2025-09-09 00:54:01,488 [Worker-18: Launching hello-spring-boot2 (1)] INFO  o.eclipse.m2e.core.internal.Bundles - 	Entry: C:\Software\spring-tool-suite-4-4.28.1.RELEASE-e4.34.0-win32.win32.x86_64\sts-4.28.1.RELEASE\plugins\org.apache.commons.cli_1.9.0.jar
2025-09-09 00:54:01,488 [Worker-18: Launching hello-spring-boot2 (1)] INFO  o.eclipse.m2e.core.internal.Bundles - getClasspathEntries(Bundle=org.apache.commons.commons-codec_1.16.0 [81])
2025-09-09 00:54:01,489 [Worker-18: Launching hello-spring-boot2 (1)] INFO  o.eclipse.m2e.core.internal.Bundles - 	Entry: C:\Software\spring-tool-suite-4-4.28.1.RELEASE-e4.34.0-win32.win32.x86_64\sts-4.28.1.RELEASE\plugins\org.apache.commons.commons-codec_1.16.0.jar
2025-09-09 00:54:01,489 [Worker-18: Launching hello-spring-boot2 (1)] INFO  o.eclipse.m2e.core.internal.Bundles - getClasspathEntries(Bundle=com.google.guava.failureaccess_1.0.3 [983])
2025-09-09 00:54:01,489 [Worker-18: Launching hello-spring-boot2 (1)] INFO  o.eclipse.m2e.core.internal.Bundles - 	Entry: C:\Software\spring-tool-suite-4-4.28.1.RELEASE-e4.34.0-win32.win32.x86_64\sts-4.28.1.RELEASE\plugins\com.google.guava.failureaccess_1.0.3.jar
2025-09-09 00:54:01,489 [Worker-18: Launching hello-spring-boot2 (1)] INFO  o.e.m.i.launch.MavenLaunchDelegate - Run build in "D:\Spring Boot\Spring Boot Mastery\hello-spring-boot2":
2025-09-09 00:54:01,489 [Worker-18: Launching hello-spring-boot2 (1)] INFO  o.e.m.i.launch.MavenLaunchDelegate -  mvn  -B -Dstyle.color=always spring-boot:run
2025-09-09 00:58:22,867 [Worker-0: Building] INFO  o.a.m.s.f.DefaultMavenResourcesFiltering - Copying 1 resource from src\main\resources to target\classes
2025-09-09 00:58:22,911 [Worker-0: Building] INFO  o.a.m.s.f.DefaultMavenResourcesFiltering - Copying 0 resource from src\main\resources to target\classes
2025-09-09 00:58:22,919 [Worker-0: Building] INFO  o.a.m.s.f.DefaultMavenResourcesFiltering - skip non existing resourceDirectory D:\Spring Boot\Spring Boot Mastery\hello-spring-boot2\src\test\resources
2025-09-09 00:58:24,079 [Worker-11: Building] INFO  o.a.m.s.f.DefaultMavenResourcesFiltering - Copying 1 resource from src\main\resources to target\classes
2025-09-09 00:58:24,081 [Worker-11: Building] INFO  o.a.m.s.f.DefaultMavenResourcesFiltering - Copying 0 resource from src\main\resources to target\classes
2025-09-09 00:58:24,086 [Worker-11: Building] INFO  o.a.m.s.f.DefaultMavenResourcesFiltering - skip non existing resourceDirectory D:\Spring Boot\Spring Boot Mastery\hello-spring-boot2\src\test\resources
2025-09-09 01:02:23,028 [Worker-1: Building] INFO  o.a.m.s.f.DefaultMavenResourcesFiltering - Copying 1 resource from src\main\resources to target\classes
2025-09-09 01:02:23,033 [Worker-1: Building] INFO  o.a.m.s.f.DefaultMavenResourcesFiltering - Copying 0 resource from src\main\resources to target\classes
2025-09-09 01:02:23,037 [Worker-1: Building] INFO  o.a.m.s.f.DefaultMavenResourcesFiltering - skip non existing resourceDirectory D:\Spring Boot\Spring Boot Mastery\hello-spring-boot2\src\test\resources
2025-09-09 01:06:26,868 [Worker-9: Building] INFO  o.a.m.s.f.DefaultMavenResourcesFiltering - Copying 1 resource from src\main\resources to target\classes
2025-09-09 01:06:26,913 [Worker-9: Building] INFO  o.a.m.s.f.DefaultMavenResourcesFiltering - Copying 0 resource from src\main\resources to target\classes
2025-09-09 01:06:26,918 [Worker-9: Building] INFO  o.a.m.s.f.DefaultMavenResourcesFiltering - skip non existing resourceDirectory D:\Spring Boot\Spring Boot Mastery\hello-spring-boot2\src\test\resources
2025-09-09 01:06:49,622 [Worker-3: Building] INFO  o.a.m.s.f.DefaultMavenResourcesFiltering - Copying 1 resource from src\main\resources to target\classes
2025-09-09 01:06:49,626 [Worker-3: Building] INFO  o.a.m.s.f.DefaultMavenResourcesFiltering - Copying 0 resource from src\main\resources to target\classes
2025-09-09 01:06:49,628 [Worker-3: Building] INFO  o.a.m.s.f.DefaultMavenResourcesFiltering - skip non existing resourceDirectory D:\Spring Boot\Spring Boot Mastery\hello-spring-boot2\src\test\resources
2025-09-09 01:14:06,706 [Worker-12: Building] INFO  o.a.m.s.f.DefaultMavenResourcesFiltering - Copying 1 resource from src\main\resources to target\classes
2025-09-09 01:14:06,725 [Worker-12: Building] INFO  o.a.m.s.f.DefaultMavenResourcesFiltering - Copying 0 resource from src\main\resources to target\classes
2025-09-09 01:14:06,730 [Worker-12: Building] INFO  o.a.m.s.f.DefaultMavenResourcesFiltering - skip non existing resourceDirectory D:\Spring Boot\Spring Boot Mastery\hello-spring-boot2\src\test\resources
2025-09-09 01:18:59,736 [Worker-12: Building] INFO  o.a.m.s.f.DefaultMavenResourcesFiltering - Copying 1 resource from src\main\resources to target\classes
2025-09-09 01:18:59,740 [Worker-12: Building] INFO  o.a.m.s.f.DefaultMavenResourcesFiltering - Copying 0 resource from src\main\resources to target\classes
2025-09-09 01:18:59,743 [Worker-12: Building] INFO  o.a.m.s.f.DefaultMavenResourcesFiltering - skip non existing resourceDirectory D:\Spring Boot\Spring Boot Mastery\hello-spring-boot2\src\test\resources
2025-09-09 01:19:12,329 [Worker-26: Launching hello-spring-boot2 - HelloSpringBoot2Application] INFO  o.a.m.s.f.DefaultMavenResourcesFiltering - Copying 1 resource from src\main\resources to target\classes
2025-09-09 01:19:12,351 [Worker-26: Launching hello-spring-boot2 - HelloSpringBoot2Application] INFO  o.a.m.s.f.DefaultMavenResourcesFiltering - Copying 0 resource from src\main\resources to target\classes
2025-09-09 01:19:12,360 [Worker-26: Launching hello-spring-boot2 - HelloSpringBoot2Application] INFO  o.a.m.s.f.DefaultMavenResourcesFiltering - skip non existing resourceDirectory D:\Spring Boot\Spring Boot Mastery\hello-spring-boot2\src\test\resources
2025-09-09 01:28:11,784 [Worker-24: Building] INFO  o.a.m.s.f.DefaultMavenResourcesFiltering - Copying 1 resource from src\main\resources to target\classes
2025-09-09 01:28:11,791 [Worker-24: Building] INFO  o.a.m.s.f.DefaultMavenResourcesFiltering - Copying 0 resource from src\main\resources to target\classes
2025-09-09 01:28:11,794 [Worker-24: Building] INFO  o.a.m.s.f.DefaultMavenResourcesFiltering - skip non existing resourceDirectory D:\Spring Boot\Spring Boot Mastery\hello-spring-boot2\src\test\resources
2025-09-09 01:28:50,703 [Worker-12: Updating Maven Dependencies] ERROR o.e.m.j.i.l.MavenLaunchConfigurationListener - Launch configuration HelloSpringBoot2Application references closed project hello-spring-boot2
org.eclipse.core.runtime.CoreException: Launch configuration HelloSpringBoot2Application references closed project hello-spring-boot2
	at org.eclipse.jdt.launching.JavaRuntime.abort(JavaRuntime.java:1871)
	at org.eclipse.jdt.launching.JavaRuntime.getJavaProject(JavaRuntime.java:1745)
	at org.eclipse.m2e.jdt.internal.launch.MavenLaunchConfigurationListener.updateLaunchConfiguration(MavenLaunchConfigurationListener.java:66)
	at org.eclipse.m2e.jdt.internal.launch.MavenLaunchConfigurationListener.launchConfigurationChanged(MavenLaunchConfigurationListener.java:52)
	at org.eclipse.debug.internal.core.LaunchManager$ConfigurationNotifier.run(LaunchManager.java:220)
	at org.eclipse.core.runtime.SafeRunner.run(SafeRunner.java:47)
	at org.eclipse.debug.internal.core.LaunchManager$ConfigurationNotifier.notify(LaunchManager.java:204)
	at org.eclipse.debug.internal.core.LaunchConfigurationWorkingCopy.setDirty(LaunchConfigurationWorkingCopy.java:527)
	at org.eclipse.debug.internal.core.LaunchConfigurationWorkingCopy.setAttribute(LaunchConfigurationWorkingCopy.java:415)
	at org.eclipse.m2e.jdt.internal.launch.MavenRuntimeClasspathProvider.disable(MavenRuntimeClasspathProvider.java:409)
	at org.eclipse.m2e.jdt.internal.launch.MavenRuntimeClasspathProvider.disable(MavenRuntimeClasspathProvider.java:435)
	at org.eclipse.m2e.jdt.internal.launch.MavenLaunchConfigurationListener.mavenProjectChanged(MavenLaunchConfigurationListener.java:137)
	at org.eclipse.m2e.core.internal.project.registry.ProjectRegistryManager.notifyProjectChangeListeners(ProjectRegistryManager.java:892)
	at org.eclipse.m2e.core.internal.project.registry.ProjectRegistryManager.applyMutableProjectRegistry(ProjectRegistryManager.java:1042)
	at org.eclipse.m2e.core.internal.project.registry.ProjectRegistryRefreshJob.lambda$0(ProjectRegistryRefreshJob.java:162)
	at org.eclipse.m2e.core.internal.embedder.MavenExecutionContext.executeBare(MavenExecutionContext.java:458)
	at org.eclipse.m2e.core.internal.embedder.MavenExecutionContext.execute(MavenExecutionContext.java:339)
	at org.eclipse.m2e.core.internal.embedder.MavenExecutionContext.execute(MavenExecutionContext.java:278)
	at org.eclipse.m2e.core.internal.project.registry.ProjectRegistryRefreshJob.run(ProjectRegistryRefreshJob.java:106)
	at org.eclipse.core.internal.jobs.Worker.run(Worker.java:63)
2025-09-09 01:28:50,736 [Worker-12: Updating Maven Dependencies] ERROR o.e.m.j.i.l.MavenLaunchConfigurationListener - Launch configuration HelloSpringBoot2Application references closed project hello-spring-boot2
org.eclipse.core.runtime.CoreException: Launch configuration HelloSpringBoot2Application references closed project hello-spring-boot2
	at org.eclipse.jdt.launching.JavaRuntime.abort(JavaRuntime.java:1871)
	at org.eclipse.jdt.launching.JavaRuntime.getJavaProject(JavaRuntime.java:1745)
	at org.eclipse.m2e.jdt.internal.launch.MavenLaunchConfigurationListener.updateLaunchConfiguration(MavenLaunchConfigurationListener.java:66)
	at org.eclipse.m2e.jdt.internal.launch.MavenLaunchConfigurationListener.launchConfigurationChanged(MavenLaunchConfigurationListener.java:52)
	at org.eclipse.debug.internal.core.LaunchManager$ConfigurationNotifier.run(LaunchManager.java:220)
	at org.eclipse.core.runtime.SafeRunner.run(SafeRunner.java:47)
	at org.eclipse.debug.internal.core.LaunchManager$ConfigurationNotifier.notify(LaunchManager.java:204)
	at org.eclipse.debug.internal.core.LaunchConfigurationWorkingCopy.setDirty(LaunchConfigurationWorkingCopy.java:527)
	at org.eclipse.debug.internal.core.LaunchConfigurationWorkingCopy.setAttribute(LaunchConfigurationWorkingCopy.java:415)
	at org.eclipse.m2e.jdt.internal.launch.MavenRuntimeClasspathProvider.disable(MavenRuntimeClasspathProvider.java:410)
	at org.eclipse.m2e.jdt.internal.launch.MavenRuntimeClasspathProvider.disable(MavenRuntimeClasspathProvider.java:435)
	at org.eclipse.m2e.jdt.internal.launch.MavenLaunchConfigurationListener.mavenProjectChanged(MavenLaunchConfigurationListener.java:137)
	at org.eclipse.m2e.core.internal.project.registry.ProjectRegistryManager.notifyProjectChangeListeners(ProjectRegistryManager.java:892)
	at org.eclipse.m2e.core.internal.project.registry.ProjectRegistryManager.applyMutableProjectRegistry(ProjectRegistryManager.java:1042)
	at org.eclipse.m2e.core.internal.project.registry.ProjectRegistryRefreshJob.lambda$0(ProjectRegistryRefreshJob.java:162)
	at org.eclipse.m2e.core.internal.embedder.MavenExecutionContext.executeBare(MavenExecutionContext.java:458)
	at org.eclipse.m2e.core.internal.embedder.MavenExecutionContext.execute(MavenExecutionContext.java:339)
	at org.eclipse.m2e.core.internal.embedder.MavenExecutionContext.execute(MavenExecutionContext.java:278)
	at org.eclipse.m2e.core.internal.project.registry.ProjectRegistryRefreshJob.run(ProjectRegistryRefreshJob.java:106)
	at org.eclipse.core.internal.jobs.Worker.run(Worker.java:63)
2025-09-09 01:28:50,740 [Worker-12: Updating Maven Dependencies] ERROR o.e.m.j.i.l.MavenLaunchConfigurationListener - Launch configuration HelloSpringBoot2Application references closed project hello-spring-boot2
org.eclipse.core.runtime.CoreException: Launch configuration HelloSpringBoot2Application references closed project hello-spring-boot2
	at org.eclipse.jdt.launching.JavaRuntime.abort(JavaRuntime.java:1871)
	at org.eclipse.jdt.launching.JavaRuntime.getJavaProject(JavaRuntime.java:1745)
	at org.eclipse.m2e.jdt.internal.launch.MavenLaunchConfigurationListener.updateLaunchConfiguration(MavenLaunchConfigurationListener.java:66)
	at org.eclipse.m2e.jdt.internal.launch.MavenLaunchConfigurationListener.launchConfigurationChanged(MavenLaunchConfigurationListener.java:52)
	at org.eclipse.debug.internal.core.LaunchManager$ConfigurationNotifier.run(LaunchManager.java:220)
	at org.eclipse.core.runtime.SafeRunner.run(SafeRunner.java:47)
	at org.eclipse.debug.internal.core.LaunchManager$ConfigurationNotifier.notify(LaunchManager.java:204)
	at org.eclipse.debug.internal.core.LaunchManager.launchConfigurationChanged(LaunchManager.java:2009)
	at org.eclipse.debug.internal.core.LaunchConfigurationWorkingCopy.writeNewFile(LaunchConfigurationWorkingCopy.java:380)
	at org.eclipse.debug.internal.core.LaunchConfigurationWorkingCopy.doSave0(LaunchConfigurationWorkingCopy.java:259)
	at org.eclipse.debug.internal.core.LaunchConfigurationWorkingCopy.doSave(LaunchConfigurationWorkingCopy.java:229)
	at org.eclipse.debug.internal.core.LaunchConfigurationWorkingCopy.doSave(LaunchConfigurationWorkingCopy.java:187)
	at org.eclipse.m2e.jdt.internal.launch.MavenRuntimeClasspathProvider.disable(MavenRuntimeClasspathProvider.java:411)
	at org.eclipse.m2e.jdt.internal.launch.MavenRuntimeClasspathProvider.disable(MavenRuntimeClasspathProvider.java:435)
	at org.eclipse.m2e.jdt.internal.launch.MavenLaunchConfigurationListener.mavenProjectChanged(MavenLaunchConfigurationListener.java:137)
	at org.eclipse.m2e.core.internal.project.registry.ProjectRegistryManager.notifyProjectChangeListeners(ProjectRegistryManager.java:892)
	at org.eclipse.m2e.core.internal.project.registry.ProjectRegistryManager.applyMutableProjectRegistry(ProjectRegistryManager.java:1042)
	at org.eclipse.m2e.core.internal.project.registry.ProjectRegistryRefreshJob.lambda$0(ProjectRegistryRefreshJob.java:162)
	at org.eclipse.m2e.core.internal.embedder.MavenExecutionContext.executeBare(MavenExecutionContext.java:458)
	at org.eclipse.m2e.core.internal.embedder.MavenExecutionContext.execute(MavenExecutionContext.java:339)
	at org.eclipse.m2e.core.internal.embedder.MavenExecutionContext.execute(MavenExecutionContext.java:278)
	at org.eclipse.m2e.core.internal.project.registry.ProjectRegistryRefreshJob.run(ProjectRegistryRefreshJob.java:106)
	at org.eclipse.core.internal.jobs.Worker.run(Worker.java:63)
